This is pdfTeX, Version 3.14159265-2.6-1.40.21 (MiKTeX 2.9.7300 64-bit) (preloaded format=pdflatex 2020.3.7)  15 APR 2020 17:01
entering extended mode
**./1.3.46.tex
(1.3.46.tex
LaTeX2e <2019-10-01> patch level 3
("C:\Users\anand\AppData\Local\Programs\MiKTeX 2.9\tex/latex/base\article.cls"
Document Class: article 2019/10/25 v1.4k Standard LaTeX document class
("C:\Users\anand\AppData\Local\Programs\MiKTeX 2.9\tex/latex/base\fleqn.clo"
File: fleqn.clo 2016/12/29 v1.2b Standard LaTeX option (flush left equations)
\mathindent=\dimen102
Applying: [2015/01/01] Make \[ robust on input line 50.
LaTeX Info: Redefining \[ on input line 51.
Already applied: [0000/00/00] Make \[ robust on input line 62.
Applying: [2015/01/01] Make \] robust on input line 74.
LaTeX Info: Redefining \] on input line 75.
Already applied: [0000/00/00] Make \] robust on input line 83.
)
("C:\Users\anand\AppData\Local\Programs\MiKTeX 2.9\tex/latex/base\size11.clo"
File: size11.clo 2019/10/25 v1.4k Standard LaTeX file (size option)
)
\c@part=\count80
\c@section=\count81
\c@subsection=\count82
\c@subsubsection=\count83
\c@paragraph=\count84
\c@subparagraph=\count85
\c@figure=\count86
\c@table=\count87
\abovecaptionskip=\skip41
\belowcaptionskip=\skip42
\bibindent=\dimen103
)
("C:\Users\anand\AppData\Local\Programs\MiKTeX 2.9\tex/latex/amsmath\amsmath.st
y"
Package: amsmath 2019/11/16 v2.17d AMS math features
\@mathmargin=\skip43

For additional information on amsmath, use the `?' option.

("C:\Users\anand\AppData\Local\Programs\MiKTeX 2.9\tex/latex/amsmath\amstext.st
y"
Package: amstext 2000/06/29 v2.01 AMS text

("C:\Users\anand\AppData\Local\Programs\MiKTeX 2.9\tex/latex/amsmath\amsgen.sty
"
File: amsgen.sty 1999/11/30 v2.0 generic functions
\@emptytoks=\toks14
\ex@=\dimen104
))
("C:\Users\anand\AppData\Local\Programs\MiKTeX 2.9\tex/latex/amsmath\amsbsy.sty
"
Package: amsbsy 1999/11/29 v1.2d Bold Symbols
\pmbraise@=\dimen105
)
("C:\Users\anand\AppData\Local\Programs\MiKTeX 2.9\tex/latex/amsmath\amsopn.sty
"
Package: amsopn 2016/03/08 v2.02 operator names
)
\inf@bad=\count88
LaTeX Info: Redefining \frac on input line 227.
\uproot@=\count89
\leftroot@=\count90
LaTeX Info: Redefining \overline on input line 389.
\classnum@=\count91
\DOTSCASE@=\count92
LaTeX Info: Redefining \ldots on input line 486.
LaTeX Info: Redefining \dots on input line 489.
LaTeX Info: Redefining \cdots on input line 610.
\Mathstrutbox@=\box27
\strutbox@=\box28
\big@size=\dimen106
LaTeX Font Info:    Redeclaring font encoding OML on input line 733.
LaTeX Font Info:    Redeclaring font encoding OMS on input line 734.
\macc@depth=\count93
\c@MaxMatrixCols=\count94
\dotsspace@=\muskip10
\c@parentequation=\count95
\dspbrk@lvl=\count96
\tag@help=\toks15
\row@=\count97
\column@=\count98
\maxfields@=\count99
\andhelp@=\toks16
\eqnshift@=\dimen107
\alignsep@=\dimen108
\tagshift@=\dimen109
\tagwidth@=\dimen110
\totwidth@=\dimen111
\lineht@=\dimen112
\@envbody=\toks17
\multlinegap=\skip44
\multlinetaggap=\skip45
\mathdisplay@stack=\toks18
LaTeX Info: Redefining \[ on input line 2858.
LaTeX Info: Redefining \] on input line 2859.
)
("C:\Users\anand\AppData\Local\Programs\MiKTeX 2.9\tex/latex/amsfonts\amssymb.s
ty"
Package: amssymb 2013/01/14 v3.01 AMS font symbols

("C:\Users\anand\AppData\Local\Programs\MiKTeX 2.9\tex/latex/amsfonts\amsfonts.
sty"
Package: amsfonts 2013/01/14 v3.01 Basic AMSFonts support
\symAMSa=\mathgroup4
\symAMSb=\mathgroup5
LaTeX Font Info:    Redeclaring math symbol \hbar on input line 98.
LaTeX Font Info:    Overwriting math alphabet `\mathfrak' in version `bold'
(Font)                  U/euf/m/n --> U/euf/b/n on input line 106.
))
("C:\Users\anand\AppData\Local\Programs\MiKTeX 2.9\tex/latex/graphics\color.sty
"
Package: color 2016/07/10 v1.1e Standard LaTeX Color (DPC)

("C:\Users\anand\AppData\Local\Programs\MiKTeX 2.9\tex/latex/graphics-cfg\color
.cfg"
File: color.cfg 2016/01/02 v1.6 sample color configuration
)
Package color Info: Driver file: pdftex.def on input line 147.

("C:\Users\anand\AppData\Local\Programs\MiKTeX 2.9\tex/latex/graphics-def\pdfte
x.def"
File: pdftex.def 2018/01/08 v1.0l Graphics/color driver for pdftex
))
("C:\Users\anand\AppData\Local\Programs\MiKTeX 2.9\tex/latex/tikz\tikz.sty"
("C:\Users\anand\AppData\Local\Programs\MiKTeX 2.9\tex/latex/tikz\pgf.sty"
("C:\Users\anand\AppData\Local\Programs\MiKTeX 2.9\tex/latex/tikz\pgfrcs.sty"
("C:\Users\anand\AppData\Local\Programs\MiKTeX 2.9\tex/latex/tikz\pgfutil-commo
n.tex"
\pgfutil@everybye=\toks19
\pgfutil@tempdima=\dimen113
\pgfutil@tempdimb=\dimen114

("C:\Users\anand\AppData\Local\Programs\MiKTeX 2.9\tex/latex/tikz\pgfutil-commo
n-lists.tex"))
("C:\Users\anand\AppData\Local\Programs\MiKTeX 2.9\tex/latex/tikz\pgfutil-latex
.def"
\pgfutil@abb=\box29

("C:\Users\anand\AppData\Local\Programs\MiKTeX 2.9\tex/latex/ms\everyshi.sty"
Package: everyshi 2001/05/15 v3.00 EveryShipout Package (MS)
))
("C:\Users\anand\AppData\Local\Programs\MiKTeX 2.9\tex/latex/tikz\pgfrcs.code.t
ex"
("C:\Users\anand\AppData\Local\Programs\MiKTeX 2.9\tex/latex/tikz\pgf.revision.
tex")
Package: pgfrcs 2020/01/08 v3.1.5b (3.1.5b)
))
Package: pgf 2020/01/08 v3.1.5b (3.1.5b)

("C:\Users\anand\AppData\Local\Programs\MiKTeX 2.9\tex/latex/tikz\pgfcore.sty"
("C:\Users\anand\AppData\Local\Programs\MiKTeX 2.9\tex/latex/graphics\graphicx.
sty"
Package: graphicx 2017/06/01 v1.1a Enhanced LaTeX Graphics (DPC,SPQR)

("C:\Users\anand\AppData\Local\Programs\MiKTeX 2.9\tex/latex/graphics\keyval.st
y"
Package: keyval 2014/10/28 v1.15 key=value parser (DPC)
\KV@toks@=\toks20
)
("C:\Users\anand\AppData\Local\Programs\MiKTeX 2.9\tex/latex/graphics\graphics.
sty"
Package: graphics 2019/11/01 v1.3d Standard LaTeX Graphics (DPC,SPQR)

("C:\Users\anand\AppData\Local\Programs\MiKTeX 2.9\tex/latex/graphics\trig.sty"
Package: trig 2016/01/03 v1.10 sin cos tan (DPC)
)
("C:\Users\anand\AppData\Local\Programs\MiKTeX 2.9\tex/latex/graphics-cfg\graph
ics.cfg"
File: graphics.cfg 2016/06/04 v1.11 sample graphics configuration
)
Package graphics Info: Driver file: pdftex.def on input line 105.
)
\Gin@req@height=\dimen115
\Gin@req@width=\dimen116
)
("C:\Users\anand\AppData\Local\Programs\MiKTeX 2.9\tex/latex/tikz\pgfsys.sty"
("C:\Users\anand\AppData\Local\Programs\MiKTeX 2.9\tex/latex/tikz\pgfsys.code.t
ex"
Package: pgfsys 2020/01/08 v3.1.5b (3.1.5b)

("C:\Users\anand\AppData\Local\Programs\MiKTeX 2.9\tex/latex/tikz\pgfkeys.code.
tex"
\pgfkeys@pathtoks=\toks21
\pgfkeys@temptoks=\toks22

("C:\Users\anand\AppData\Local\Programs\MiKTeX 2.9\tex/latex/tikz\pgfkeysfilter
ed.code.tex"
\pgfkeys@tmptoks=\toks23
))
\pgf@x=\dimen117
\pgf@y=\dimen118
\pgf@xa=\dimen119
\pgf@ya=\dimen120
\pgf@xb=\dimen121
\pgf@yb=\dimen122
\pgf@xc=\dimen123
\pgf@yc=\dimen124
\pgf@xd=\dimen125
\pgf@yd=\dimen126
\w@pgf@writea=\write3
\r@pgf@reada=\read1
\c@pgf@counta=\count100
\c@pgf@countb=\count101
\c@pgf@countc=\count102
\c@pgf@countd=\count103
\t@pgf@toka=\toks24
\t@pgf@tokb=\toks25
\t@pgf@tokc=\toks26
\pgf@sys@id@count=\count104

("C:\Users\anand\AppData\Local\Programs\MiKTeX 2.9\tex/latex/tikz\pgf.cfg"
File: pgf.cfg 2020/01/08 v3.1.5b (3.1.5b)
)
Driver file for pgf: pgfsys-pdftex.def

("C:\Users\anand\AppData\Local\Programs\MiKTeX 2.9\tex/latex/tikz\pgfsys-pdftex
.def"
File: pgfsys-pdftex.def 2020/01/08 v3.1.5b (3.1.5b)

("C:\Users\anand\AppData\Local\Programs\MiKTeX 2.9\tex/latex/tikz\pgfsys-common
-pdf.def"
File: pgfsys-common-pdf.def 2020/01/08 v3.1.5b (3.1.5b)
)))
("C:\Users\anand\AppData\Local\Programs\MiKTeX 2.9\tex/latex/tikz\pgfsyssoftpat
h.code.tex"
File: pgfsyssoftpath.code.tex 2020/01/08 v3.1.5b (3.1.5b)
\pgfsyssoftpath@smallbuffer@items=\count105
\pgfsyssoftpath@bigbuffer@items=\count106
)
("C:\Users\anand\AppData\Local\Programs\MiKTeX 2.9\tex/latex/tikz\pgfsysprotoco
l.code.tex"
File: pgfsysprotocol.code.tex 2020/01/08 v3.1.5b (3.1.5b)
))
("C:\Users\anand\AppData\Local\Programs\MiKTeX 2.9\tex/latex/xcolor\xcolor.sty"
Package: xcolor 2016/05/11 v2.12 LaTeX color extensions (UK)

("C:\Users\anand\AppData\Local\Programs\MiKTeX 2.9\tex/latex/graphics-cfg\color
.cfg"
File: color.cfg 2016/01/02 v1.6 sample color configuration
)
Package xcolor Info: Driver file: pdftex.def on input line 225.
LaTeX Info: Redefining \color on input line 709.
Package xcolor Info: Model `cmy' substituted by `cmy0' on input line 1348.
Package xcolor Info: Model `hsb' substituted by `rgb' on input line 1352.
Package xcolor Info: Model `RGB' extended on input line 1364.
Package xcolor Info: Model `HTML' substituted by `rgb' on input line 1366.
Package xcolor Info: Model `Hsb' substituted by `hsb' on input line 1367.
Package xcolor Info: Model `tHsb' substituted by `hsb' on input line 1368.
Package xcolor Info: Model `HSB' substituted by `hsb' on input line 1369.
Package xcolor Info: Model `Gray' substituted by `gray' on input line 1370.
Package xcolor Info: Model `wave' substituted by `hsb' on input line 1371.
)
("C:\Users\anand\AppData\Local\Programs\MiKTeX 2.9\tex/latex/tikz\pgfcore.code.
tex"
Package: pgfcore 2020/01/08 v3.1.5b (3.1.5b)

("C:\Users\anand\AppData\Local\Programs\MiKTeX 2.9\tex/latex/tikz\pgfmath.code.
tex"
("C:\Users\anand\AppData\Local\Programs\MiKTeX 2.9\tex/latex/tikz\pgfmathcalc.c
ode.tex"
("C:\Users\anand\AppData\Local\Programs\MiKTeX 2.9\tex/latex/tikz\pgfmathutil.c
ode.tex")
("C:\Users\anand\AppData\Local\Programs\MiKTeX 2.9\tex/latex/tikz\pgfmathparser
.code.tex"
\pgfmath@dimen=\dimen127
\pgfmath@count=\count107
\pgfmath@box=\box30
\pgfmath@toks=\toks27
\pgfmath@stack@operand=\toks28
\pgfmath@stack@operation=\toks29
)
("C:\Users\anand\AppData\Local\Programs\MiKTeX 2.9\tex/latex/tikz\pgfmathfuncti
ons.code.tex"
("C:\Users\anand\AppData\Local\Programs\MiKTeX 2.9\tex/latex/tikz\pgfmathfuncti
ons.basic.code.tex")
("C:\Users\anand\AppData\Local\Programs\MiKTeX 2.9\tex/latex/tikz\pgfmathfuncti
ons.trigonometric.code.tex")
("C:\Users\anand\AppData\Local\Programs\MiKTeX 2.9\tex/latex/tikz\pgfmathfuncti
ons.random.code.tex")
("C:\Users\anand\AppData\Local\Programs\MiKTeX 2.9\tex/latex/tikz\pgfmathfuncti
ons.comparison.code.tex")
("C:\Users\anand\AppData\Local\Programs\MiKTeX 2.9\tex/latex/tikz\pgfmathfuncti
ons.base.code.tex")
("C:\Users\anand\AppData\Local\Programs\MiKTeX 2.9\tex/latex/tikz\pgfmathfuncti
ons.round.code.tex")
("C:\Users\anand\AppData\Local\Programs\MiKTeX 2.9\tex/latex/tikz\pgfmathfuncti
ons.misc.code.tex")
("C:\Users\anand\AppData\Local\Programs\MiKTeX 2.9\tex/latex/tikz\pgfmathfuncti
ons.integerarithmetics.code.tex")))
("C:\Users\anand\AppData\Local\Programs\MiKTeX 2.9\tex/latex/tikz\pgfmathfloat.
code.tex"
\c@pgfmathroundto@lastzeros=\count108
))
("C:\Users\anand\AppData\Local\Programs\MiKTeX 2.9\tex/latex/tikz\pgfint.code.t
ex")
("C:\Users\anand\AppData\Local\Programs\MiKTeX 2.9\tex/latex/tikz\pgfcorepoints
.code.tex"
File: pgfcorepoints.code.tex 2020/01/08 v3.1.5b (3.1.5b)
\pgf@picminx=\dimen128
\pgf@picmaxx=\dimen129
\pgf@picminy=\dimen130
\pgf@picmaxy=\dimen131
\pgf@pathminx=\dimen132
\pgf@pathmaxx=\dimen133
\pgf@pathminy=\dimen134
\pgf@pathmaxy=\dimen135
\pgf@xx=\dimen136
\pgf@xy=\dimen137
\pgf@yx=\dimen138
\pgf@yy=\dimen139
\pgf@zx=\dimen140
\pgf@zy=\dimen141
)
("C:\Users\anand\AppData\Local\Programs\MiKTeX 2.9\tex/latex/tikz\pgfcorepathco
nstruct.code.tex"
File: pgfcorepathconstruct.code.tex 2020/01/08 v3.1.5b (3.1.5b)
\pgf@path@lastx=\dimen142
\pgf@path@lasty=\dimen143
)
("C:\Users\anand\AppData\Local\Programs\MiKTeX 2.9\tex/latex/tikz\pgfcorepathus
age.code.tex"
File: pgfcorepathusage.code.tex 2020/01/08 v3.1.5b (3.1.5b)
\pgf@shorten@end@additional=\dimen144
\pgf@shorten@start@additional=\dimen145
)
("C:\Users\anand\AppData\Local\Programs\MiKTeX 2.9\tex/latex/tikz\pgfcorescopes
.code.tex"
File: pgfcorescopes.code.tex 2020/01/08 v3.1.5b (3.1.5b)
\pgfpic=\box31
\pgf@hbox=\box32
\pgf@layerbox@main=\box33
\pgf@picture@serial@count=\count109
)
("C:\Users\anand\AppData\Local\Programs\MiKTeX 2.9\tex/latex/tikz\pgfcoregraphi
cstate.code.tex"
File: pgfcoregraphicstate.code.tex 2020/01/08 v3.1.5b (3.1.5b)
\pgflinewidth=\dimen146
)
("C:\Users\anand\AppData\Local\Programs\MiKTeX 2.9\tex/latex/tikz\pgfcoretransf
ormations.code.tex"
File: pgfcoretransformations.code.tex 2020/01/08 v3.1.5b (3.1.5b)
\pgf@pt@x=\dimen147
\pgf@pt@y=\dimen148
\pgf@pt@temp=\dimen149
)
("C:\Users\anand\AppData\Local\Programs\MiKTeX 2.9\tex/latex/tikz\pgfcorequick.
code.tex"
File: pgfcorequick.code.tex 2020/01/08 v3.1.5b (3.1.5b)
)
("C:\Users\anand\AppData\Local\Programs\MiKTeX 2.9\tex/latex/tikz\pgfcoreobject
s.code.tex"
File: pgfcoreobjects.code.tex 2020/01/08 v3.1.5b (3.1.5b)
)
("C:\Users\anand\AppData\Local\Programs\MiKTeX 2.9\tex/latex/tikz\pgfcorepathpr
ocessing.code.tex"
File: pgfcorepathprocessing.code.tex 2020/01/08 v3.1.5b (3.1.5b)
)
("C:\Users\anand\AppData\Local\Programs\MiKTeX 2.9\tex/latex/tikz\pgfcorearrows
.code.tex"
File: pgfcorearrows.code.tex 2020/01/08 v3.1.5b (3.1.5b)
\pgfarrowsep=\dimen150
)
("C:\Users\anand\AppData\Local\Programs\MiKTeX 2.9\tex/latex/tikz\pgfcoreshade.
code.tex"
File: pgfcoreshade.code.tex 2020/01/08 v3.1.5b (3.1.5b)
\pgf@max=\dimen151
\pgf@sys@shading@range@num=\count110
\pgf@shadingcount=\count111
)
("C:\Users\anand\AppData\Local\Programs\MiKTeX 2.9\tex/latex/tikz\pgfcoreimage.
code.tex"
File: pgfcoreimage.code.tex 2020/01/08 v3.1.5b (3.1.5b)

("C:\Users\anand\AppData\Local\Programs\MiKTeX 2.9\tex/latex/tikz\pgfcoreextern
al.code.tex"
File: pgfcoreexternal.code.tex 2020/01/08 v3.1.5b (3.1.5b)
\pgfexternal@startupbox=\box34
))
("C:\Users\anand\AppData\Local\Programs\MiKTeX 2.9\tex/latex/tikz\pgfcorelayers
.code.tex"
File: pgfcorelayers.code.tex 2020/01/08 v3.1.5b (3.1.5b)
)
("C:\Users\anand\AppData\Local\Programs\MiKTeX 2.9\tex/latex/tikz\pgfcoretransp
arency.code.tex"
File: pgfcoretransparency.code.tex 2020/01/08 v3.1.5b (3.1.5b)
)
("C:\Users\anand\AppData\Local\Programs\MiKTeX 2.9\tex/latex/tikz\pgfcorepatter
ns.code.tex"
File: pgfcorepatterns.code.tex 2020/01/08 v3.1.5b (3.1.5b)
)
("C:\Users\anand\AppData\Local\Programs\MiKTeX 2.9\tex/latex/tikz\pgfcorerdf.co
de.tex"
File: pgfcorerdf.code.tex 2020/01/08 v3.1.5b (3.1.5b)
)))
("C:\Users\anand\AppData\Local\Programs\MiKTeX 2.9\tex/latex/tikz\pgfmoduleshap
es.code.tex"
File: pgfmoduleshapes.code.tex 2020/01/08 v3.1.5b (3.1.5b)
\pgfnodeparttextbox=\box35
)
("C:\Users\anand\AppData\Local\Programs\MiKTeX 2.9\tex/latex/tikz\pgfmoduleplot
.code.tex"
File: pgfmoduleplot.code.tex 2020/01/08 v3.1.5b (3.1.5b)
)
("C:\Users\anand\AppData\Local\Programs\MiKTeX 2.9\tex/latex/tikz\pgfcomp-versi
on-0-65.sty"
Package: pgfcomp-version-0-65 2020/01/08 v3.1.5b (3.1.5b)
\pgf@nodesepstart=\dimen152
\pgf@nodesepend=\dimen153
)
("C:\Users\anand\AppData\Local\Programs\MiKTeX 2.9\tex/latex/tikz\pgfcomp-versi
on-1-18.sty"
Package: pgfcomp-version-1-18 2020/01/08 v3.1.5b (3.1.5b)
))
("C:\Users\anand\AppData\Local\Programs\MiKTeX 2.9\tex/latex/tikz\pgffor.sty"
("C:\Users\anand\AppData\Local\Programs\MiKTeX 2.9\tex/latex/tikz\pgfkeys.sty"
("C:\Users\anand\AppData\Local\Programs\MiKTeX 2.9\tex/latex/tikz\pgfkeys.code.
tex"))
("C:\Users\anand\AppData\Local\Programs\MiKTeX 2.9\tex/latex/tikz\pgfmath.sty"
("C:\Users\anand\AppData\Local\Programs\MiKTeX 2.9\tex/latex/tikz\pgfmath.code.
tex"))
("C:\Users\anand\AppData\Local\Programs\MiKTeX 2.9\tex/latex/tikz\pgffor.code.t
ex"
Package: pgffor 2020/01/08 v3.1.5b (3.1.5b)

("C:\Users\anand\AppData\Local\Programs\MiKTeX 2.9\tex/latex/tikz\pgfmath.code.
tex")
\pgffor@iter=\dimen154
\pgffor@skip=\dimen155
\pgffor@stack=\toks30
\pgffor@toks=\toks31
))
("C:\Users\anand\AppData\Local\Programs\MiKTeX 2.9\tex/latex/tikz\tikz.code.tex
"
Package: tikz 2020/01/08 v3.1.5b (3.1.5b)

("C:\Users\anand\AppData\Local\Programs\MiKTeX 2.9\tex/latex/tikz\pgflibraryplo
thandlers.code.tex"
File: pgflibraryplothandlers.code.tex 2020/01/08 v3.1.5b (3.1.5b)
\pgf@plot@mark@count=\count112
\pgfplotmarksize=\dimen156
)
\tikz@lastx=\dimen157
\tikz@lasty=\dimen158
\tikz@lastxsaved=\dimen159
\tikz@lastysaved=\dimen160
\tikz@lastmovetox=\dimen161
\tikz@lastmovetoy=\dimen162
\tikzleveldistance=\dimen163
\tikzsiblingdistance=\dimen164
\tikz@figbox=\box36
\tikz@figbox@bg=\box37
\tikz@tempbox=\box38
\tikz@tempbox@bg=\box39
\tikztreelevel=\count113
\tikznumberofchildren=\count114
\tikznumberofcurrentchild=\count115
\tikz@fig@count=\count116

("C:\Users\anand\AppData\Local\Programs\MiKTeX 2.9\tex/latex/tikz\pgfmodulematr
ix.code.tex"
File: pgfmodulematrix.code.tex 2020/01/08 v3.1.5b (3.1.5b)
\pgfmatrixcurrentrow=\count117
\pgfmatrixcurrentcolumn=\count118
\pgf@matrix@numberofcolumns=\count119
)
\tikz@expandcount=\count120

("C:\Users\anand\AppData\Local\Programs\MiKTeX 2.9\tex/latex/tikz\tikzlibraryto
paths.code.tex"
File: tikzlibrarytopaths.code.tex 2020/01/08 v3.1.5b (3.1.5b)
)))
("C:\Users\anand\AppData\Local\Programs\MiKTeX 2.9\tex/latex/tikz\tikzlibraryau
tomata.code.tex"
File: tikzlibraryautomata.code.tex 2020/01/08 v3.1.5b (3.1.5b)

("C:\Users\anand\AppData\Local\Programs\MiKTeX 2.9\tex/latex/tikz\tikzlibrarysh
apes.multipart.code.tex"
File: tikzlibraryshapes.multipart.code.tex 2020/01/08 v3.1.5b (3.1.5b)

("C:\Users\anand\AppData\Local\Programs\MiKTeX 2.9\tex/latex/tikz\pgflibrarysha
pes.multipart.code.tex"
File: pgflibraryshapes.multipart.code.tex 2020/01/08 v3.1.5b (3.1.5b)
\pgfnodepartlowerbox=\box40
\pgfnodeparttwobox=\box41
\pgfnodepartthreebox=\box42
\pgfnodepartfourbox=\box43
\pgfnodeparttwentybox=\box44
\pgfnodepartnineteenbox=\box45
\pgfnodeparteighteenbox=\box46
\pgfnodepartseventeenbox=\box47
\pgfnodepartsixteenbox=\box48
\pgfnodepartfifteenbox=\box49
\pgfnodepartfourteenbox=\box50
\pgfnodepartthirteenbox=\box51
\pgfnodeparttwelvebox=\box52
\pgfnodepartelevenbox=\box53
\pgfnodeparttenbox=\box54
\pgfnodepartninebox=\box55
\pgfnodeparteightbox=\box56
\pgfnodepartsevenbox=\box57
\pgfnodepartsixbox=\box58
\pgfnodepartfivebox=\box59
)))
("C:\Users\anand\AppData\Local\Programs\MiKTeX 2.9\tex/latex/tikz\tikzlibrarypo
sitioning.code.tex"
File: tikzlibrarypositioning.code.tex 2020/01/08 v3.1.5b (3.1.5b)
)
("C:\Users\anand\AppData\Local\Programs\MiKTeX 2.9\tex/latex/tikz\tikzlibraryar
rows.code.tex"
File: tikzlibraryarrows.code.tex 2020/01/08 v3.1.5b (3.1.5b)

("C:\Users\anand\AppData\Local\Programs\MiKTeX 2.9\tex/latex/tikz\pgflibraryarr
ows.code.tex"
File: pgflibraryarrows.code.tex 2020/01/08 v3.1.5b (3.1.5b)
\arrowsize=\dimen165
))
("C:\Users\anand\AppData\Local\Programs\MiKTeX 2.9\tex/latex/diagbox\diagbox.st
y"
Package: diagbox 2020/02/09 v2.3 Making table heads with diagonal lines

("C:\Users\anand\AppData\Local\Programs\MiKTeX 2.9\tex/latex/pict2e\pict2e.sty"
Package: pict2e 2019/08/20 v0.3c Improved picture commands (HjG,RN,JT)
("C:\Users\anand\AppData\Local\Programs\MiKTeX 2.9\tex/latex/pict2e\pict2e.cfg"
File: pict2e.cfg 2016/02/05 v0.1u pict2e configuration for teTeX/TeXLive
)
Package pict2e Info: Driver file: pdftex.def on input line 119.
Package pict2e Info: Driver file for pict2e: p2e-pdftex.def on input line 121.

("C:\Users\anand\AppData\Local\Programs\MiKTeX 2.9\tex/latex/pict2e\p2e-pdftex.
def"
File: p2e-pdftex.def 2016/02/05 v0.1u Driver-dependant file (RN,HjG,JT)
)
\pIIe@GRAPH=\toks32
\@arclen=\dimen166
\@arcrad=\dimen167
\@tempdimd=\dimen168
)
("C:\Users\anand\AppData\Local\Programs\MiKTeX 2.9\tex/latex/tools\calc.sty"
Package: calc 2017/05/25 v4.3 Infix arithmetic (KKT,FJ)
\calc@Acount=\count121
\calc@Bcount=\count122
\calc@Adimen=\dimen169
\calc@Bdimen=\dimen170
\calc@Askip=\skip46
\calc@Bskip=\skip47
LaTeX Info: Redefining \setlength on input line 80.
LaTeX Info: Redefining \addtolength on input line 81.
\calc@Ccount=\count123
\calc@Cskip=\skip48
)
("C:\Users\anand\AppData\Local\Programs\MiKTeX 2.9\tex/latex/tools\array.sty"
Package: array 2019/08/31 v2.4l Tabular extension package (FMi)
\col@sep=\dimen171
\ar@mcellbox=\box60
\extrarowheight=\dimen172
\NC@list=\toks33
\extratabsurround=\skip49
\backup@length=\skip50
\ar@cellbox=\box61
)
\diagbox@boxa=\box62
\diagbox@boxb=\box63
\diagbox@boxm=\box64
\diagbox@wd=\dimen173
\diagbox@ht=\dimen174
\diagbox@insepl=\dimen175
\diagbox@insepr=\dimen176
\diagbox@outsepl=\dimen177
\diagbox@outsepr=\dimen178

("C:\Users\anand\AppData\Local\Programs\MiKTeX 2.9\tex/latex/fp\fp.sty"
Package: fp 1995/04/02

`Fixed Point Package', Version 0.8, April 2, 1995 (C) Michael Mehlich
("C:\Users\anand\AppData\Local\Programs\MiKTeX 2.9\tex/latex/fp\defpattern.sty"
Package: defpattern 1994/10/12
\actioncount=\count124
) ("C:\Users\anand\AppData\Local\Programs\MiKTeX 2.9\tex/latex/fp\fp-basic.sty"
Package: fp-basic 1996/05/13
\FP@xs=\count125
\FP@xia=\count126
\FP@xib=\count127
\FP@xfa=\count128
\FP@xfb=\count129
\FP@rega=\count130
\FP@regb=\count131
\FP@regs=\count132
\FP@times=\count133
) ("C:\Users\anand\AppData\Local\Programs\MiKTeX 2.9\tex/latex/fp\fp-addons.sty
"
Package: fp-addons 1995/03/15
) ("C:\Users\anand\AppData\Local\Programs\MiKTeX 2.9\tex/latex/fp\fp-snap.sty"
Package: fp-snap 1995/04/05
) ("C:\Users\anand\AppData\Local\Programs\MiKTeX 2.9\tex/latex/fp\fp-exp.sty"
Package: fp-exp 1995/04/03
)
("C:\Users\anand\AppData\Local\Programs\MiKTeX 2.9\tex/latex/fp\fp-trigo.sty"
Package: fp-trigo 1995/04/14
)
("C:\Users\anand\AppData\Local\Programs\MiKTeX 2.9\tex/latex/fp\fp-pas.sty"
Package: fp-pas 1994/08/29
)
("C:\Users\anand\AppData\Local\Programs\MiKTeX 2.9\tex/latex/fp\fp-random.sty"
Package: fp-random 1995/02/23
\FPseed=\count134
) ("C:\Users\anand\AppData\Local\Programs\MiKTeX 2.9\tex/latex/fp\fp-eqn.sty"
Package: fp-eqn 1995/04/03
)
("C:\Users\anand\AppData\Local\Programs\MiKTeX 2.9\tex/latex/fp\fp-upn.sty"
Package: fp-upn 1996/10/21
)
("C:\Users\anand\AppData\Local\Programs\MiKTeX 2.9\tex/latex/fp\fp-eval.sty"
Package: fp-eval 1995/04/03
)))
("C:\Users\anand\AppData\Local\Programs\MiKTeX 2.9\tex/latex/oberdiek\stackrel.
sty"
Package: stackrel 2016/05/16 v1.3 Adding subscript option to stackrel (HO)

("C:\Users\anand\AppData\Local\Programs\MiKTeX 2.9\tex/generic/oberdiek\etexcmd
s.sty"
Package: etexcmds 2016/05/16 v1.6 Avoid name clashes with e-TeX commands (HO)

("C:\Users\anand\AppData\Local\Programs\MiKTeX 2.9\tex/generic/oberdiek\infware
rr.sty"
Package: infwarerr 2016/05/16 v1.4 Providing info/warning/error messages (HO)
)
("C:\Users\anand\AppData\Local\Programs\MiKTeX 2.9\tex/generic/iftex\ifluatex.s
ty"
Package: ifluatex 2019/10/25 v1.5 ifluatex legacy package. Use iftex instead.

("C:\Users\anand\AppData\Local\Programs\MiKTeX 2.9\tex/generic/iftex\iftex.sty"
Package: iftex 2019/11/07 v1.0c TeX engine tests
)))
("C:\Users\anand\AppData\Local\Programs\MiKTeX 2.9\tex/latex/pdftexcmds\pdftexc
mds.sty"
Package: pdftexcmds 2019/11/24 v0.31 Utility functions of pdfTeX for LuaTeX (HO
)

("C:\Users\anand\AppData\Local\Programs\MiKTeX 2.9\tex/generic/oberdiek\ltxcmds
.sty"
Package: ltxcmds 2016/05/16 v1.23 LaTeX kernel commands for general use (HO)
)
Package pdftexcmds Info: \pdf@primitive is available.
Package pdftexcmds Info: \pdf@ifprimitive is available.
Package pdftexcmds Info: \pdfdraftmode found.
)) (1.3.46.aux)
\openout1 = `1.3.46.aux'.

LaTeX Font Info:    Checking defaults for OML/cmm/m/it on input line 13.
LaTeX Font Info:    ... okay on input line 13.
LaTeX Font Info:    Checking defaults for T1/cmr/m/n on input line 13.
LaTeX Font Info:    ... okay on input line 13.
LaTeX Font Info:    Checking defaults for OT1/cmr/m/n on input line 13.
LaTeX Font Info:    ... okay on input line 13.
LaTeX Font Info:    Checking defaults for OMS/cmsy/m/n on input line 13.
LaTeX Font Info:    ... okay on input line 13.
LaTeX Font Info:    Checking defaults for OMX/cmex/m/n on input line 13.
LaTeX Font Info:    ... okay on input line 13.
LaTeX Font Info:    Checking defaults for U/cmr/m/n on input line 13.
LaTeX Font Info:    ... okay on input line 13.

("C:\Users\anand\AppData\Local\Programs\MiKTeX 2.9\tex/context/base/mkii\supp-p
df.mkii"
[Loading MPS to PDF converter (version 2006.09.02).]
\scratchcounter=\count135
\scratchdimen=\dimen179
\scratchbox=\box65
\nofMPsegments=\count136
\nofMParguments=\count137
\everyMPshowfont=\toks34
\MPscratchCnt=\count138
\MPscratchDim=\dimen180
\MPnumerator=\count139
\makeMPintoPDFobject=\count140
\everyMPtoPDFconversion=\toks35
)
("C:\Users\anand\AppData\Local\Programs\MiKTeX 2.9\tex/latex/epstopdf-pkg\epsto
pdf-base.sty"
Package: epstopdf-base 2019/11/24 v2.7 Base part for package epstopdf

("C:\Users\anand\AppData\Local\Programs\MiKTeX 2.9\tex/latex/oberdiek\grfext.st
y"
Package: grfext 2016/05/16 v1.2 Manage graphics extensions (HO)

("C:\Users\anand\AppData\Local\Programs\MiKTeX 2.9\tex/generic/oberdiek\kvdefin
ekeys.sty"
Package: kvdefinekeys 2016/05/16 v1.4 Define keys (HO)
))
("C:\Users\anand\AppData\Local\Programs\MiKTeX 2.9\tex/latex/oberdiek\kvoptions
.sty"
Package: kvoptions 2016/05/16 v3.12 Key value format for package options (HO)

("C:\Users\anand\AppData\Local\Programs\MiKTeX 2.9\tex/generic/oberdiek\kvsetke
ys.sty"
Package: kvsetkeys 2016/05/16 v1.17 Key value parser (HO)
))
Package epstopdf-base Info: Redefining graphics rule for `.eps' on input line 4
42.
Package grfext Info: Graphics extension search list:
(grfext)             [.pdf,.png,.jpg,.mps,.jpeg,.jbig2,.jb2,.PDF,.PNG,.JPG,.JPE
G,.JBIG2,.JB2,.eps]
(grfext)             \AppendGraphicsExtensions on input line 460.
) ABD: EveryShipout initializing macros
Underfull \hbox (badness 10000) in paragraph at lines 16--20

 []


Underfull \hbox (badness 10000) in paragraph at lines 21--24

 []

LaTeX Font Info:    Trying to load font information for OMS+cmr on input line 2
6.
("C:\Users\anand\AppData\Local\Programs\MiKTeX 2.9\tex/latex/base\omscmr.fd"
File: omscmr.fd 2014/09/29 v2.5h Standard LaTeX font definitions
)
LaTeX Font Info:    Font shape `OMS/cmr/m/n' in size <10.95> not available
(Font)              Font shape `OMS/cmsy/m/n' tried instead on input line 26.
LaTeX Font Info:    Trying to load font information for U+msa on input line 28.


("C:\Users\anand\AppData\Local\Programs\MiKTeX 2.9\tex/latex/amsfonts\umsa.fd"
File: umsa.fd 2013/01/14 v3.01 AMS symbols A
)
LaTeX Font Info:    Trying to load font information for U+msb on input line 28.

("C:\Users\anand\AppData\Local\Programs\MiKTeX 2.9\tex/latex/amsfonts\umsb.fd"
File: umsb.fd 2013/01/14 v3.01 AMS symbols B
)
<1.3.46.png, id=4, 159.59625pt x 275.22826pt>
File: 1.3.46.png Graphic file (type png)
<use 1.3.46.png>
Package pdftex.def Info: 1.3.46.png  used on input line 36.
(pdftex.def)             Requested size: 159.59584pt x 275.22758pt.
[1

{C:/Users/anand/AppData/Local/MiKTeX/2.9/pdftex/config/pdftex.map} <./1.3.46.pn
g>] (1.3.46.aux) ) 
Here is how much of TeX's memory you used:
 15052 strings out of 492480
 303972 string characters out of 3121497
 361866 words of memory out of 3000000
 19084 multiletter control sequences out of 15000+200000
 8596 words of font info for 33 fonts, out of 3000000 for 9000
 1141 hyphenation exceptions out of 8191
 60i,5n,66p,434b,173s stack positions out of 5000i,500n,10000p,200000b,50000s
<C:/Users/anand/AppData/Local/Programs/MiKTeX 2.9/fonts/type1
/public/amsfonts/cm/cmbx10.pfb><C:/Users/anand/AppData/Local/Programs/MiKTeX 2.
9/fonts/type1/public/amsfonts/cm/cmmi10.pfb><C:/Users/anand/AppData/Local/Progr
ams/MiKTeX 2.9/fonts/type1/public/amsfonts/cm/cmr10.pfb><C:/Users/anand/AppData
/Local/Programs/MiKTeX 2.9/fonts/type1/public/amsfonts/cm/cmsy10.pfb>
Output written on 1.3.46.pdf (1 page, 52662 bytes).
PDF statistics:
 26 PDF objects out of 1000 (max. 8388607)
 0 named destinations out of 1000 (max. 500000)
 18 words of extra memory for PDF output out of 10000 (max. 10000000)

