\BOOKMARK [0][-]{chapter.1}{\376\377\0001\000\040\000C\000l\000a\000s\000s\000\040\000I\000n\000d\000e\000x}{}% 1
\BOOKMARK [1][-]{section.1.1}{\376\377\0001\000.\0001\000\040\000C\000l\000a\000s\000s\000\040\000L\000i\000s\000t}{chapter.1}% 2
\BOOKMARK [0][-]{chapter.2}{\376\377\0002\000\040\000F\000i\000l\000e\000\040\000I\000n\000d\000e\000x}{}% 3
\BOOKMARK [1][-]{section.2.1}{\376\377\0002\000.\0001\000\040\000F\000i\000l\000e\000\040\000L\000i\000s\000t}{chapter.2}% 4
\BOOKMARK [0][-]{chapter.3}{\376\377\0003\000\040\000C\000l\000a\000s\000s\000\040\000D\000o\000c\000u\000m\000e\000n\000t\000a\000t\000i\000o\000n}{}% 5
\BOOKMARK [1][-]{section.3.1}{\376\377\0003\000.\0001\000\040\000A\000l\000l\000T\000e\000s\000t\000s\000\040\000C\000l\000a\000s\000s\000\040\000R\000e\000f\000e\000r\000e\000n\000c\000e}{chapter.3}% 6
\BOOKMARK [1][-]{section.3.2}{\376\377\0003\000.\0002\000\040\000s\000r\000c\000.\000C\000e\000l\000l\000T\000\040\000E\000n\000u\000m\000\040\000R\000e\000f\000e\000r\000e\000n\000c\000e}{chapter.3}% 7
\BOOKMARK [2][-]{subsection.3.2.1}{\376\377\0003\000.\0002\000.\0001\000\040\000D\000e\000t\000a\000i\000l\000e\000d\000\040\000D\000e\000s\000c\000r\000i\000p\000t\000i\000o\000n}{section.3.2}% 8
\BOOKMARK [2][-]{subsection.3.2.2}{\376\377\0003\000.\0002\000.\0002\000\040\000M\000e\000m\000b\000e\000r\000\040\000F\000u\000n\000c\000t\000i\000o\000n\000\040\000D\000o\000c\000u\000m\000e\000n\000t\000a\000t\000i\000o\000n}{section.3.2}% 9
\BOOKMARK [3][-]{subsubsection.3.2.2.1}{\376\377\0003\000.\0002\000.\0002\000.\0001\000\040\000g\000e\000t\000R\000a\000n\000d\000o\000m\000C\000e\000l\000l\000\050\000\051}{subsection.3.2.2}% 10
\BOOKMARK [1][-]{section.3.3}{\376\377\0003\000.\0003\000\040\000s\000r\000c\000.\000C\000o\000n\000t\000r\000o\000l\000l\000e\000r\000\040\000C\000l\000a\000s\000s\000\040\000R\000e\000f\000e\000r\000e\000n\000c\000e}{chapter.3}% 11
\BOOKMARK [2][-]{subsection.3.3.1}{\376\377\0003\000.\0003\000.\0001\000\040\000D\000e\000t\000a\000i\000l\000e\000d\000\040\000D\000e\000s\000c\000r\000i\000p\000t\000i\000o\000n}{section.3.3}% 12
\BOOKMARK [2][-]{subsection.3.3.2}{\376\377\0003\000.\0003\000.\0002\000\040\000C\000o\000n\000s\000t\000r\000u\000c\000t\000o\000r\000\040\000\046\000\040\000D\000e\000s\000t\000r\000u\000c\000t\000o\000r\000\040\000D\000o\000c\000u\000m\000e\000n\000t\000a\000t\000i\000o\000n}{section.3.3}% 13
\BOOKMARK [3][-]{subsubsection.3.3.2.1}{\376\377\0003\000.\0003\000.\0002\000.\0001\000\040\000C\000o\000n\000t\000r\000o\000l\000l\000e\000r\000\050\000\051}{subsection.3.3.2}% 14
\BOOKMARK [2][-]{subsection.3.3.3}{\376\377\0003\000.\0003\000.\0003\000\040\000M\000e\000m\000b\000e\000r\000\040\000F\000u\000n\000c\000t\000i\000o\000n\000\040\000D\000o\000c\000u\000m\000e\000n\000t\000a\000t\000i\000o\000n}{section.3.3}% 15
\BOOKMARK [3][-]{subsubsection.3.3.3.1}{\376\377\0003\000.\0003\000.\0003\000.\0001\000\040\000e\000x\000e\000c\000u\000t\000e\000\137\000m\000o\000v\000e\000\050\000\051}{subsection.3.3.3}% 16
\BOOKMARK [3][-]{subsubsection.3.3.3.2}{\376\377\0003\000.\0003\000.\0003\000.\0002\000\040\000g\000a\000m\000e\000\137\000o\000v\000e\000r\000\050\000\051}{subsection.3.3.3}% 17
\BOOKMARK [3][-]{subsubsection.3.3.3.3}{\376\377\0003\000.\0003\000.\0003\000.\0003\000\040\000g\000e\000t\000\137\000g\000a\000m\000e\000\137\000b\000o\000a\000r\000d\000T\000\050\000\051}{subsection.3.3.3}% 18
\BOOKMARK [3][-]{subsubsection.3.3.3.4}{\376\377\0003\000.\0003\000.\0003\000.\0004\000\040\000g\000e\000t\000\137\000g\000a\000m\000e\000\137\000m\000o\000v\000e\000s\000\050\000\051}{subsection.3.3.3}% 19
\BOOKMARK [3][-]{subsubsection.3.3.3.5}{\376\377\0003\000.\0003\000.\0003\000.\0005\000\040\000g\000e\000t\000\137\000g\000a\000m\000e\000\137\000o\000b\000j\000\050\000\051}{subsection.3.3.3}% 20
\BOOKMARK [3][-]{subsubsection.3.3.3.6}{\376\377\0003\000.\0003\000.\0003\000.\0006\000\040\000g\000e\000t\000\137\000g\000a\000m\000e\000\137\000s\000c\000o\000r\000e\000\050\000\051}{subsection.3.3.3}% 21
\BOOKMARK [3][-]{subsubsection.3.3.3.7}{\376\377\0003\000.\0003\000.\0003\000.\0007\000\040\000i\000s\000\137\000w\000i\000n\000\050\000\051}{subsection.3.3.3}% 22
\BOOKMARK [3][-]{subsubsection.3.3.3.8}{\376\377\0003\000.\0003\000.\0003\000.\0008\000\040\000u\000p\000d\000a\000t\000e\000V\000i\000e\000w\000\050\000\051}{subsection.3.3.3}% 23
\BOOKMARK [1][-]{section.3.4}{\376\377\0003\000.\0004\000\040\000s\000r\000c\000.\000G\000a\000m\000e\000B\000o\000a\000r\000d\000T\000\040\000C\000l\000a\000s\000s\000\040\000R\000e\000f\000e\000r\000e\000n\000c\000e}{chapter.3}% 24
\BOOKMARK [2][-]{subsection.3.4.1}{\376\377\0003\000.\0004\000.\0001\000\040\000D\000e\000t\000a\000i\000l\000e\000d\000\040\000D\000e\000s\000c\000r\000i\000p\000t\000i\000o\000n}{section.3.4}% 25
\BOOKMARK [2][-]{subsection.3.4.2}{\376\377\0003\000.\0004\000.\0002\000\040\000C\000o\000n\000s\000t\000r\000u\000c\000t\000o\000r\000\040\000\046\000\040\000D\000e\000s\000t\000r\000u\000c\000t\000o\000r\000\040\000D\000o\000c\000u\000m\000e\000n\000t\000a\000t\000i\000o\000n}{section.3.4}% 26
\BOOKMARK [3][-]{subsubsection.3.4.2.1}{\376\377\0003\000.\0004\000.\0002\000.\0001\000\040\000G\000a\000m\000e\000B\000o\000a\000r\000d\000T\000\050\000\051}{subsection.3.4.2}% 27
\BOOKMARK [2][-]{subsection.3.4.3}{\376\377\0003\000.\0004\000.\0003\000\040\000M\000e\000m\000b\000e\000r\000\040\000F\000u\000n\000c\000t\000i\000o\000n\000\040\000D\000o\000c\000u\000m\000e\000n\000t\000a\000t\000i\000o\000n}{section.3.4}% 28
\BOOKMARK [3][-]{subsubsection.3.4.3.1}{\376\377\0003\000.\0004\000.\0003\000.\0001\000\040\000g\000a\000m\000e\000\137\000o\000v\000e\000r\000\050\000\051}{subsection.3.4.3}% 29
\BOOKMARK [3][-]{subsubsection.3.4.3.2}{\376\377\0003\000.\0004\000.\0003\000.\0002\000\040\000g\000e\000t\000\137\000b\000o\000a\000r\000d\000T\000\050\000\051}{subsection.3.4.3}% 30
\BOOKMARK [3][-]{subsubsection.3.4.3.3}{\376\377\0003\000.\0004\000.\0003\000.\0003\000\040\000g\000e\000t\000\137\000m\000o\000v\000e\000s\000\050\000\051}{subsection.3.4.3}% 31
\BOOKMARK [3][-]{subsubsection.3.4.3.4}{\376\377\0003\000.\0004\000.\0003\000.\0004\000\040\000g\000e\000t\000\137\000o\000b\000j\000\050\000\051}{subsection.3.4.3}% 32
\BOOKMARK [3][-]{subsubsection.3.4.3.5}{\376\377\0003\000.\0004\000.\0003\000.\0005\000\040\000g\000e\000t\000\137\000s\000c\000o\000r\000e\000\050\000\051}{subsection.3.4.3}% 33
\BOOKMARK [3][-]{subsubsection.3.4.3.6}{\376\377\0003\000.\0004\000.\0003\000.\0006\000\040\000i\000n\000i\000t\000i\000a\000l\000i\000z\000e\000\137\000b\000o\000a\000r\000d\000\050\000\051}{subsection.3.4.3}% 34
\BOOKMARK [3][-]{subsubsection.3.4.3.7}{\376\377\0003\000.\0004\000.\0003\000.\0007\000\040\000i\000s\000\137\000w\000i\000n\000\050\000\051}{subsection.3.4.3}% 35
\BOOKMARK [3][-]{subsubsection.3.4.3.8}{\376\377\0003\000.\0004\000.\0003\000.\0008\000\040\000m\000o\000v\000e\000\050\000\051}{subsection.3.4.3}% 36
\BOOKMARK [1][-]{section.3.5}{\376\377\0003\000.\0005\000\040\000s\000r\000c\000.\000T\000e\000s\000t\000C\000e\000l\000l\000T\000\040\000C\000l\000a\000s\000s\000\040\000R\000e\000f\000e\000r\000e\000n\000c\000e}{chapter.3}% 37
\BOOKMARK [1][-]{section.3.6}{\376\377\0003\000.\0006\000\040\000s\000r\000c\000.\000T\000e\000s\000t\000C\000o\000n\000t\000r\000o\000l\000l\000e\000r\000\040\000C\000l\000a\000s\000s\000\040\000R\000e\000f\000e\000r\000e\000n\000c\000e}{chapter.3}% 38
\BOOKMARK [1][-]{section.3.7}{\376\377\0003\000.\0007\000\040\000s\000r\000c\000.\000T\000e\000s\000t\000G\000a\000m\000e\000B\000o\000a\000r\000d\000T\000\040\000C\000l\000a\000s\000s\000\040\000R\000e\000f\000e\000r\000e\000n\000c\000e}{chapter.3}% 39
\BOOKMARK [1][-]{section.3.8}{\376\377\0003\000.\0008\000\040\000s\000r\000c\000.\000V\000i\000e\000w\000\040\000C\000l\000a\000s\000s\000\040\000R\000e\000f\000e\000r\000e\000n\000c\000e}{chapter.3}% 40
\BOOKMARK [2][-]{subsection.3.8.1}{\376\377\0003\000.\0008\000.\0001\000\040\000D\000e\000t\000a\000i\000l\000e\000d\000\040\000D\000e\000s\000c\000r\000i\000p\000t\000i\000o\000n}{section.3.8}% 41
\BOOKMARK [2][-]{subsection.3.8.2}{\376\377\0003\000.\0008\000.\0002\000\040\000M\000e\000m\000b\000e\000r\000\040\000F\000u\000n\000c\000t\000i\000o\000n\000\040\000D\000o\000c\000u\000m\000e\000n\000t\000a\000t\000i\000o\000n}{section.3.8}% 42
\BOOKMARK [3][-]{subsubsection.3.8.2.1}{\376\377\0003\000.\0008\000.\0002\000.\0001\000\040\000p\000r\000i\000n\000t\000\137\000b\000o\000a\000r\000d\000\050\000\051}{subsection.3.8.2}% 43
\BOOKMARK [3][-]{subsubsection.3.8.2.2}{\376\377\0003\000.\0008\000.\0002\000.\0002\000\040\000p\000r\000i\000n\000t\000\137\000i\000n\000f\000o\000\050\000\051}{subsection.3.8.2}% 44
\BOOKMARK [0][-]{chapter.4}{\376\377\0004\000\040\000F\000i\000l\000e\000\040\000D\000o\000c\000u\000m\000e\000n\000t\000a\000t\000i\000o\000n}{}% 45
\BOOKMARK [1][-]{section.4.1}{\376\377\0004\000.\0001\000\040\000s\000r\000c\000/\000C\000e\000l\000l\000T\000.\000j\000a\000v\000a\000\040\000F\000i\000l\000e\000\040\000R\000e\000f\000e\000r\000e\000n\000c\000e}{chapter.4}% 46
\BOOKMARK [2][-]{subsection.4.1.1}{\376\377\0004\000.\0001\000.\0001\000\040\000D\000e\000t\000a\000i\000l\000e\000d\000\040\000D\000e\000s\000c\000r\000i\000p\000t\000i\000o\000n}{section.4.1}% 47
\BOOKMARK [1][-]{section.4.2}{\376\377\0004\000.\0002\000\040\000s\000r\000c\000/\000C\000o\000n\000t\000r\000o\000l\000l\000e\000r\000.\000j\000a\000v\000a\000\040\000F\000i\000l\000e\000\040\000R\000e\000f\000e\000r\000e\000n\000c\000e}{chapter.4}% 48
\BOOKMARK [2][-]{subsection.4.2.1}{\376\377\0004\000.\0002\000.\0001\000\040\000D\000e\000t\000a\000i\000l\000e\000d\000\040\000D\000e\000s\000c\000r\000i\000p\000t\000i\000o\000n}{section.4.2}% 49
\BOOKMARK [1][-]{section.4.3}{\376\377\0004\000.\0003\000\040\000s\000r\000c\000/\000G\000a\000m\000e\000B\000o\000a\000r\000d\000T\000.\000j\000a\000v\000a\000\040\000F\000i\000l\000e\000\040\000R\000e\000f\000e\000r\000e\000n\000c\000e}{chapter.4}% 50
\BOOKMARK [2][-]{subsection.4.3.1}{\376\377\0004\000.\0003\000.\0001\000\040\000D\000e\000t\000a\000i\000l\000e\000d\000\040\000D\000e\000s\000c\000r\000i\000p\000t\000i\000o\000n}{section.4.3}% 51
\BOOKMARK [1][-]{section.4.4}{\376\377\0004\000.\0004\000\040\000s\000r\000c\000/\000T\000e\000s\000t\000C\000e\000l\000l\000T\000.\000j\000a\000v\000a\000\040\000F\000i\000l\000e\000\040\000R\000e\000f\000e\000r\000e\000n\000c\000e}{chapter.4}% 52
\BOOKMARK [2][-]{subsection.4.4.1}{\376\377\0004\000.\0004\000.\0001\000\040\000D\000e\000t\000a\000i\000l\000e\000d\000\040\000D\000e\000s\000c\000r\000i\000p\000t\000i\000o\000n}{section.4.4}% 53
\BOOKMARK [1][-]{section.4.5}{\376\377\0004\000.\0005\000\040\000s\000r\000c\000/\000T\000e\000s\000t\000G\000a\000m\000e\000B\000o\000a\000r\000d\000T\000.\000j\000a\000v\000a\000\040\000F\000i\000l\000e\000\040\000R\000e\000f\000e\000r\000e\000n\000c\000e}{chapter.4}% 54
\BOOKMARK [2][-]{subsection.4.5.1}{\376\377\0004\000.\0005\000.\0001\000\040\000D\000e\000t\000a\000i\000l\000e\000d\000\040\000D\000e\000s\000c\000r\000i\000p\000t\000i\000o\000n}{section.4.5}% 55
\BOOKMARK [1][-]{section.4.6}{\376\377\0004\000.\0006\000\040\000s\000r\000c\000/\000V\000i\000e\000w\000.\000j\000a\000v\000a\000\040\000F\000i\000l\000e\000\040\000R\000e\000f\000e\000r\000e\000n\000c\000e}{chapter.4}% 56
\BOOKMARK [2][-]{subsection.4.6.1}{\376\377\0004\000.\0006\000.\0001\000\040\000D\000e\000t\000a\000i\000l\000e\000d\000\040\000D\000e\000s\000c\000r\000i\000p\000t\000i\000o\000n}{section.4.6}% 57
\BOOKMARK [0][-]{section*.16}{\376\377\000I\000n\000d\000e\000x}{}% 58
